2023-08-12 10:26:30.179+0000 INFO  CREATE USER neo4j PASSWORD ****** CHANGE NOT REQUIRED
2023-08-12 10:26:30.509+0000 INFO  CREATE ROLE admin
2023-08-12 10:26:30.511+0000 INFO  GRANT TRANSACTION MANAGEMENT ON DATABASE * TO admin
2023-08-12 10:26:30.518+0000 INFO  GRANT START ON DATABASE * TO admin
2023-08-12 10:26:30.519+0000 INFO  GRANT STOP ON DATABASE * TO admin
2023-08-12 10:26:30.520+0000 INFO  GRANT ALL ON DBMS TO admin
2023-08-12 10:26:30.520+0000 INFO  GRANT CONSTRAINT MANAGEMENT ON DATABASE * TO admin
2023-08-12 10:26:30.521+0000 INFO  GRANT INDEX MANAGEMENT ON DATABASE * TO admin
2023-08-12 10:26:30.521+0000 INFO  GRANT NAME MANAGEMENT ON DATABASE * TO admin
2023-08-12 10:26:30.522+0000 INFO  GRANT WRITE ON GRAPH * TO admin
2023-08-12 10:26:30.523+0000 INFO  GRANT MATCH {*} ON GRAPH * TO admin
2023-08-12 10:26:30.524+0000 INFO  GRANT ACCESS ON DATABASE * TO admin
2023-08-12 10:26:30.525+0000 INFO  GRANT SHOW INDEX ON DATABASE * TO admin
2023-08-12 10:26:30.526+0000 INFO  GRANT SHOW CONSTRAINTS ON DATABASE * TO admin
2023-08-12 10:26:30.526+0000 INFO  CREATE ROLE architect
2023-08-12 10:26:30.528+0000 INFO  GRANT CONSTRAINT MANAGEMENT ON DATABASE * TO architect
2023-08-12 10:26:30.529+0000 INFO  GRANT INDEX MANAGEMENT ON DATABASE * TO architect
2023-08-12 10:26:30.529+0000 INFO  GRANT NAME MANAGEMENT ON DATABASE * TO architect
2023-08-12 10:26:30.530+0000 INFO  GRANT WRITE ON GRAPH * TO architect
2023-08-12 10:26:30.531+0000 INFO  GRANT MATCH {*} ON GRAPH * TO architect
2023-08-12 10:26:30.532+0000 INFO  GRANT ACCESS ON DATABASE * TO architect
2023-08-12 10:26:30.533+0000 INFO  GRANT SHOW INDEX ON DATABASE * TO architect
2023-08-12 10:26:30.533+0000 INFO  GRANT SHOW CONSTRAINTS ON DATABASE * TO architect
2023-08-12 10:26:30.534+0000 INFO  CREATE ROLE publisher
2023-08-12 10:26:30.536+0000 INFO  GRANT NAME MANAGEMENT ON DATABASE * TO publisher
2023-08-12 10:26:30.536+0000 INFO  GRANT WRITE ON GRAPH * TO publisher
2023-08-12 10:26:30.537+0000 INFO  GRANT MATCH {*} ON GRAPH * TO publisher
2023-08-12 10:26:30.538+0000 INFO  GRANT ACCESS ON DATABASE * TO publisher
2023-08-12 10:26:30.538+0000 INFO  GRANT SHOW INDEX ON DATABASE * TO publisher
2023-08-12 10:26:30.539+0000 INFO  GRANT SHOW CONSTRAINTS ON DATABASE * TO publisher
2023-08-12 10:26:30.539+0000 INFO  CREATE ROLE editor
2023-08-12 10:26:30.541+0000 INFO  GRANT WRITE ON GRAPH * TO editor
2023-08-12 10:26:30.541+0000 INFO  GRANT MATCH {*} ON GRAPH * TO editor
2023-08-12 10:26:30.542+0000 INFO  GRANT ACCESS ON DATABASE * TO editor
2023-08-12 10:26:30.542+0000 INFO  GRANT SHOW INDEX ON DATABASE * TO editor
2023-08-12 10:26:30.543+0000 INFO  GRANT SHOW CONSTRAINTS ON DATABASE * TO editor
2023-08-12 10:26:30.543+0000 INFO  CREATE ROLE reader
2023-08-12 10:26:30.545+0000 INFO  GRANT MATCH {*} ON GRAPH * TO reader
2023-08-12 10:26:30.546+0000 INFO  GRANT ACCESS ON DATABASE * TO reader
2023-08-12 10:26:30.546+0000 INFO  GRANT SHOW INDEX ON DATABASE * TO reader
2023-08-12 10:26:30.547+0000 INFO  GRANT SHOW CONSTRAINTS ON DATABASE * TO reader
2023-08-12 10:26:30.547+0000 INFO  CREATE ROLE PUBLIC
2023-08-12 10:26:30.548+0000 INFO  GRANT ACCESS ON HOME DATABASE TO PUBLIC
2023-08-12 10:26:30.548+0000 INFO  GRANT EXECUTE PROCEDURE * ON DBMS TO PUBLIC
2023-08-12 10:26:30.548+0000 INFO  GRANT EXECUTE FUNCTION * ON DBMS TO PUBLIC
2023-08-12 10:26:30.549+0000 INFO  GRANT ROLE admin TO neo4j
2023-08-12 10:26:31.670+0000 INFO  [neo4j]: logged in
2023-08-12 10:26:31.707+0000 INFO  [neo4j]: logged in
2023-08-12 10:26:32.999+0000 INFO  [neo4j]: CREATE USER moderator SET PASSWORD '******' CHANGE NOT REQUIRED
2023-08-12 10:26:33.018+0000 INFO  [neo4j]: logged in
2023-08-12 10:26:33.066+0000 INFO  [neo4j]: CREATE ROLE moderator
2023-08-12 10:26:33.898+0000 INFO  [neo4j]: GRANT CREATE ON GRAPH hospitalgraph NODE Patient TO moderator
2023-08-12 10:26:34.598+0000 INFO  [neo4j]: GRANT SET PROPERTY {ssn, name, yearOfBirth, since, weight} ON GRAPH hospitalgraph NODE Patient TO moderator
2023-08-12 10:26:34.844+0000 INFO  [neo4j]: GRANT CREATE ON GRAPH hospitalgraph RELATIONSHIP HAS TO moderator
2023-08-12 10:26:34.921+0000 INFO  [neo4j]: GRANT ROLE reader TO moderator
2023-08-12 10:26:34.940+0000 INFO  [neo4j]: GRANT ROLE moderator TO moderator
2023-08-12 10:27:30.765+0000 INFO  [moderator]: logged in
2023-08-12 10:33:16.802+0000 INFO  [neo4j]: logged in
2023-08-12 10:33:16.881+0000 INFO  [neo4j]: logged in
2023-08-12 10:33:18.012+0000 INFO  [neo4j]: logged in
2023-08-12 10:33:32.668+0000 INFO  [moderator]: logged in
2023-08-12 10:33:32.849+0000 INFO  [moderator]: logged in
2023-08-12 10:38:36.632+0000 INFO  [neo4j]: logged in
2023-08-12 10:38:36.674+0000 INFO  [neo4j]: logged in
2023-08-12 10:38:37.722+0000 INFO  [neo4j]: logged in
2023-08-12 10:42:55.410+0000 INFO  [moderator]: logged in
2023-08-12 10:46:24.876+0000 INFO  [moderator]: logged in
2023-08-12 10:46:59.352+0000 INFO  [moderator]: logged in
2023-08-12 10:47:02.137+0000 INFO  [moderator]: logged in
2023-08-12 10:47:02.287+0000 INFO  [moderator]: logged in
2023-08-12 11:36:52.625+0000 INFO  [moderator]: logged in
2023-08-12 11:38:33.098+0000 INFO  [moderator]: logged in
2023-08-12 11:38:35.382+0000 INFO  [moderator]: logged in
2023-08-12 11:38:37.021+0000 INFO  [moderator]: logged in
2023-08-12 11:38:37.032+0000 INFO  [moderator]: logged in
2023-08-12 11:39:32.283+0000 INFO  [moderator]: logged in
2023-08-12 11:52:30.173+0000 INFO  [moderator]: logged in
2023-08-12 11:58:29.338+0000 INFO  [neo4j]: logged in
2023-08-12 11:58:29.401+0000 INFO  [neo4j]: logged in
2023-08-12 11:58:30.506+0000 INFO  [neo4j]: logged in
2023-08-12 11:58:32.839+0000 INFO  [moderator]: logged in
